<?xml version="1.0" encoding="UTF-8"?>
<testsuite xmlns:xsi="http://www.w3.org/2001/XMLSchema-instance" xsi:noNamespaceSchemaLocation="https://maven.apache.org/surefire/maven-surefire-plugin/xsd/surefire-test-report.xsd" name="org.example.Runners.Runners" time="1,081.555" tests="17" errors="0" skipped="0" failures="7">
  <properties>
[...]
</properties>
  <testcase name="runScenario" classname="org.example.Runners.Runners" time="87.15">
    <failure message="Could not start a new session. Response code 500. Message: chrome not reachable&#10;Build info: version: &apos;4.2.1&apos;, revision: &apos;ac4d0fdd4a&apos;&#10;System info: host: &apos;DESKTOP-6V1EFGU&apos;, ip: &apos;192.168.1.6&apos;, os.name: &apos;Windows 10&apos;, os.arch: &apos;amd64&apos;, os.version: &apos;10.0&apos;, java.version: &apos;1.8.0_333&apos;&#10;Driver info: org.openqa.selenium.chrome.ChromeDriver&#10;Command: [null, newSession {capabilities=[Capabilities {browserName: chrome, goog:chromeOptions: {args: [], extensions: []}}], desiredCapabilities=Capabilities {browserName: chrome, goog:chromeOptions: {args: [], extensions: []}}}]" type="org.openqa.selenium.SessionNotCreatedException">org.openqa.selenium.SessionNotCreatedException: 
Could not start a new session. Response code 500. Message: chrome not reachable
Build info: version: '4.2.1', revision: 'ac4d0fdd4a'
System info: host: 'DESKTOP-6V1EFGU', ip: '192.168.1.6', os.name: 'Windows 10', os.arch: 'amd64', os.version: '10.0', java.version: '1.8.0_333'
Driver info: org.openqa.selenium.chrome.ChromeDriver
Command: [null, newSession {capabilities=[Capabilities {browserName: chrome, goog:chromeOptions: {args: [], extensions: []}}], desiredCapabilities=Capabilities {browserName: chrome, goog:chromeOptions: {args: [], extensions: []}}}]
</failure>
    <system-err><![CDATA[Starting ChromeDriver 102.0.5005.61 (0e59bcc00cc4985ce39ad31c150065f159d95ad3-refs/branch-heads/5005@{#819}) on port 62627
Only local connections are allowed.
Please see https://chromedriver.chromium.org/security-considerations for suggestions on keeping ChromeDriver safe.
ChromeDriver was started successfully.
]]></system-err>
  </testcase>
  <testcase name="runScenario" classname="org.example.Runners.Runners" time="109.108"/>
  <testcase name="runScenario" classname="org.example.Runners.Runners" time="134.842">
    <failure message="Timed out waiting for driver server to stop.&#10;Build info: version: &apos;4.2.1&apos;, revision: &apos;ac4d0fdd4a&apos;&#10;System info: host: &apos;DESKTOP-6V1EFGU&apos;, ip: &apos;192.168.1.6&apos;, os.name: &apos;Windows 10&apos;, os.arch: &apos;amd64&apos;, os.version: &apos;10.0&apos;, java.version: &apos;1.8.0_333&apos;&#10;Driver info: org.openqa.selenium.chrome.ChromeDriver&#10;Command: [f505f9ff4a8bca56cc83079dfbe0cecc, quit {}]&#10;Capabilities {acceptInsecureCerts: false, browserName: chrome, browserVersion: 102.0.5005.115, chrome: {chromedriverVersion: 102.0.5005.61 (0e59bcc00cc4..., userDataDir: C:\Users\Lenovo\AppData\Loc...}, goog:chromeOptions: {debuggerAddress: localhost:56794}, networkConnectionEnabled: false, pageLoadStrategy: normal, platformName: WINDOWS, proxy: Proxy(), se:cdp: ws://localhost:56794/devtoo..., se:cdpVersion: 102.0.5005.115, setWindowRect: true, strictFileInteractability: false, timeouts: {implicit: 0, pageLoad: 300000, script: 30000}, unhandledPromptBehavior: dismiss and notify, webauthn:extension:credBlob: true, webauthn:extension:largeBlob: true, webauthn:virtualAuthenticators: true}&#10;Session ID: f505f9ff4a8bca56cc83079dfbe0cecc" type="org.openqa.selenium.WebDriverException">org.openqa.selenium.WebDriverException: 
Timed out waiting for driver server to stop.
Build info: version: '4.2.1', revision: 'ac4d0fdd4a'
System info: host: 'DESKTOP-6V1EFGU', ip: '192.168.1.6', os.name: 'Windows 10', os.arch: 'amd64', os.version: '10.0', java.version: '1.8.0_333'
Driver info: org.openqa.selenium.chrome.ChromeDriver
Command: [f505f9ff4a8bca56cc83079dfbe0cecc, quit {}]
Capabilities {acceptInsecureCerts: false, browserName: chrome, browserVersion: 102.0.5005.115, chrome: {chromedriverVersion: 102.0.5005.61 (0e59bcc00cc4..., userDataDir: C:\Users\Lenovo\AppData\Loc...}, goog:chromeOptions: {debuggerAddress: localhost:56794}, networkConnectionEnabled: false, pageLoadStrategy: normal, platformName: WINDOWS, proxy: Proxy(), se:cdp: ws://localhost:56794/devtoo..., se:cdpVersion: 102.0.5005.115, setWindowRect: true, strictFileInteractability: false, timeouts: {implicit: 0, pageLoad: 300000, script: 30000}, unhandledPromptBehavior: dismiss and notify, webauthn:extension:credBlob: true, webauthn:extension:largeBlob: true, webauthn:virtualAuthenticators: true}
Session ID: f505f9ff4a8bca56cc83079dfbe0cecc
Caused by: java.util.concurrent.ExecutionException: 
org.openqa.selenium.TimeoutException: Process timed out after waiting for 20000 ms.
Build info: version: '4.2.1', revision: 'ac4d0fdd4a'
System info: host: 'DESKTOP-6V1EFGU', ip: '192.168.1.6', os.name: 'Windows 10', os.arch: 'amd64', os.version: '10.0', java.version: '1.8.0_333'
Driver info: driver.version: unknown
Caused by: org.openqa.selenium.TimeoutException: 
Process timed out after waiting for 20000 ms.
Build info: version: '4.2.1', revision: 'ac4d0fdd4a'
System info: host: 'DESKTOP-6V1EFGU', ip: '192.168.1.6', os.name: 'Windows 10', os.arch: 'amd64', os.version: '10.0', java.version: '1.8.0_333'
Driver info: driver.version: unknown
</failure>
    <system-out><![CDATA[
Scenario: user register with valid data &amp#27;[90m# src/main/resources/features/F1-Register.feature:4&amp#27;[0m
      &amp#27;[31morg.openqa.selenium.SessionNotCreatedException: Could not start a new session. Response code 500. Message: chrome not reachable
Build info: version: '4.2.1', revision: 'ac4d0fdd4a'
System info: host: 'DESKTOP-6V1EFGU', ip: '192.168.1.6', os.name: 'Windows 10', os.arch: 'amd64', os.version: '10.0', java.version: '1.8.0_333'
Driver info: org.openqa.selenium.chrome.ChromeDriver
Command: [null, newSession {capabilities=[Capabilities {browserName: chrome, goog:chromeOptions: {args: [], extensions: []}}], desiredCapabilities=Capabilities {browserName: chrome, goog:chromeOptions: {args: [], extensions: []}}}]
	at org.openqa.selenium.remote.ProtocolHandshake.createSession(ProtocolHandshake.java:144)
	at org.openqa.selenium.remote.ProtocolHandshake.createSession(ProtocolHandshake.java:102)
	at org.openqa.selenium.remote.ProtocolHandshake.createSession(ProtocolHandshake.java:67)
	at org.openqa.selenium.remote.HttpCommandExecutor.execute(HttpCommandExecutor.java:156)
	at org.openqa.selenium.remote.service.DriverCommandExecutor.invokeExecute(DriverCommandExecutor.java:167)
	at org.openqa.selenium.remote.service.DriverCommandExecutor.execute(DriverCommandExecutor.java:142)
	at org.openqa.selenium.remote.RemoteWebDriver.execute(RemoteWebDriver.java:551)
	at org.openqa.selenium.remote.RemoteWebDriver.startSession(RemoteWebDriver.java:246)
	at org.openqa.selenium.remote.RemoteWebDriver.<init>(RemoteWebDriver.java:162)
	at org.openqa.selenium.chromium.ChromiumDriver.<init>(ChromiumDriver.java:106)
	at org.openqa.selenium.chrome.ChromeDriver.<init>(ChromeDriver.java:106)
	at org.openqa.selenium.chrome.ChromeDriver.<init>(ChromeDriver.java:93)
	at org.openqa.selenium.chrome.ChromeDriver.<init>(ChromeDriver.java:48)
	at org.example.StepDefinition.Hooks.openBrowser(Hooks.java:21)
&amp#27;[0m
  &amp#27;[36mGiven &amp#27;[0m&amp#27;[36muser navigate to register page&amp#27;[0m  &amp#27;[90m# org.example.StepDefinition.D1_Register.user_navigate_to_register_page()&amp#27;[0m
  &amp#27;[36mAnd &amp#27;[0m&amp#27;[36muser choose male or female&amp#27;[0m        &amp#27;[90m# org.example.StepDefinition.D1_Register.user_choose_Gender_Option()&amp#27;[0m
  &amp#27;[36mWhen &amp#27;[0m&amp#27;[36muser enter valid data&amp#27;[0m            &amp#27;[90m# org.example.StepDefinition.D1_Register.user_enter_first_name()&amp#27;[0m
  &amp#27;[36mThen &amp#27;[0m&amp#27;[36muser press on register button&amp#27;[0m    &amp#27;[90m# org.example.StepDefinition.D1_Register.user_register_successfully()&amp#27;[0m
  &amp#27;[36mAnd &amp#27;[0m&amp#27;[36muser could register successfully&amp#27;[0m  &amp#27;[90m# org.example.StepDefinition.D1_Register.register_successfully()&amp#27;[0m
      &amp#27;[31mjava.lang.NullPointerException
	at org.example.StepDefinition.Hooks.closeBrowser(Hooks.java:32)
&amp#27;[0m

Scenario: user login with valid data                           &amp#27;[90m# src/main/resources/features/F2-Login.feature:4&amp#27;[0m
  &amp#27;[32mWhen &amp#27;[0m&amp#27;[32muser navigate to login page&amp#27;[0m                             &amp#27;[90m# org.example.StepDefinition.D2_Login.user_navigate_to_login_page()&amp#27;[0m
  &amp#27;[32mAnd &amp#27;[0m&amp#27;[32muser enter "&amp#27;[0m&amp#27;[32m&amp#27;[1meng.christine.hany@gmail.com&amp#27;[0m&amp#27;[32m" and "&amp#27;[0m&amp#27;[32m&amp#27;[1mCHri01)$&amp#27;[0m&amp#27;[32m"&amp#27;[0m &amp#27;[90m# org.example.StepDefinition.D2_Login.vaild_data(java.lang.String,java.lang.String)&amp#27;[0m
  &amp#27;[32mThen &amp#27;[0m&amp#27;[32muser click on login button&amp#27;[0m                              &amp#27;[90m# org.example.StepDefinition.D2_Login.click_Login()&amp#27;[0m
  &amp#27;[32mAnd &amp#27;[0m&amp#27;[32muser could login successfully and go to home page&amp#27;[0m        &amp#27;[90m# org.example.StepDefinition.D2_Login.login_successfully()&amp#27;[0m

Scenario: user login with invalid data                       &amp#27;[90m# src/main/resources/features/F2-Login.feature:11&amp#27;[0m
  &amp#27;[32mWhen &amp#27;[0m&amp#27;[32muser navigate to login page&amp#27;[0m                           &amp#27;[90m# org.example.StepDefinition.D2_Login.user_navigate_to_login_page()&amp#27;[0m
  &amp#27;[32mAnd &amp#27;[0m&amp#27;[32muser enter "&amp#27;[0m&amp#27;[32m&amp#27;[1meng.christine.hany@gmail.com&amp#27;[0m&amp#27;[32m" and "&amp#27;[0m&amp#27;[32m&amp#27;[1m123456&amp#27;[0m&amp#27;[32m"&amp#27;[0m &amp#27;[90m# org.example.StepDefinition.D2_Login.vaild_data(java.lang.String,java.lang.String)&amp#27;[0m
  &amp#27;[32mThen &amp#27;[0m&amp#27;[32muser click on login button&amp#27;[0m                            &amp#27;[90m# org.example.StepDefinition.D2_Login.click_Login()&amp#27;[0m
  &amp#27;[32mAnd &amp#27;[0m&amp#27;[32muser could not login successfully and go to home page&amp#27;[0m  &amp#27;[90m# org.example.StepDefinition.D2_Login.cannot_login_successfully()&amp#27;[0m
      &amp#27;[31morg.openqa.selenium.WebDriverException: Timed out waiting for driver server to stop.
Build info: version: '4.2.1', revision: 'ac4d0fdd4a'
System info: host: 'DESKTOP-6V1EFGU', ip: '192.168.1.6', os.name: 'Windows 10', os.arch: 'amd64', os.version: '10.0', java.version: '1.8.0_333'
Driver info: org.openqa.selenium.chrome.ChromeDriver
Command: [f505f9ff4a8bca56cc83079dfbe0cecc, quit {}]
Capabilities {acceptInsecureCerts: false, browserName: chrome, browserVersion: 102.0.5005.115, chrome: {chromedriverVersion: 102.0.5005.61 (0e59bcc00cc4..., userDataDir: C:\Users\Lenovo\AppData\Loc...}, goog:chromeOptions: {debuggerAddress: localhost:56794}, networkConnectionEnabled: false, pageLoadStrategy: normal, platformName: WINDOWS, proxy: Proxy(), se:cdp: ws://localhost:56794/devtoo..., se:cdpVersion: 102.0.5005.115, setWindowRect: true, strictFileInteractability: false, timeouts: {implicit: 0, pageLoad: 300000, script: 30000}, unhandledPromptBehavior: dismiss and notify, webauthn:extension:credBlob: true, webauthn:extension:largeBlob: true, webauthn:virtualAuthenticators: true}
Session ID: f505f9ff4a8bca56cc83079dfbe0cecc
	at org.openqa.selenium.remote.service.DriverCommandExecutor.execute(DriverCommandExecutor.java:132)
	at org.openqa.selenium.remote.RemoteWebDriver.execute(RemoteWebDriver.java:551)
	at org.openqa.selenium.remote.RemoteWebDriver.execute(RemoteWebDriver.java:606)
	at org.openqa.selenium.remote.RemoteWebDriver.execute(RemoteWebDriver.java:610)
	at org.openqa.selenium.remote.RemoteWebDriver.quit(RemoteWebDriver.java:447)
	at org.openqa.selenium.chromium.ChromiumDriver.quit(ChromiumDriver.java:291)
	at org.example.StepDefinition.Hooks.closeBrowser(Hooks.java:32)
Caused by: java.util.concurrent.ExecutionException: org.openqa.selenium.TimeoutException: Process timed out after waiting for 20000 ms.
Build info: version: '4.2.1', revision: 'ac4d0fdd4a'
System info: host: 'DESKTOP-6V1EFGU', ip: '192.168.1.6', os.name: 'Windows 10', os.arch: 'amd64', os.version: '10.0', java.version: '1.8.0_333'
Driver info: driver.version: unknown
	at java.util.concurrent.CompletableFuture.reportGet(CompletableFuture.java:357)
	at java.util.concurrent.CompletableFuture.get(CompletableFuture.java:1928)
	at org.openqa.selenium.remote.service.DriverCommandExecutor.execute(DriverCommandExecutor.java:128)
	at org.openqa.selenium.remote.RemoteWebDriver.execute(RemoteWebDriver.java:551)
	at org.openqa.selenium.remote.RemoteWebDriver.execute(RemoteWebDriver.java:606)
	at org.openqa.selenium.remote.RemoteWebDriver.execute(RemoteWebDriver.java:610)
	at org.openqa.selenium.remote.RemoteWebDriver.quit(RemoteWebDriver.java:447)
	at org.openqa.selenium.chromium.ChromiumDriver.quit(ChromiumDriver.java:291)
	at org.example.StepDefinition.Hooks.closeBrowser(Hooks.java:32)
	at sun.reflect.NativeMethodAccessorImpl.invoke0(Native Method)
	at sun.reflect.NativeMethodAccessorImpl.invoke(NativeMethodAccessorImpl.java:62)
	at sun.reflect.DelegatingMethodAccessorImpl.invoke(DelegatingMethodAccessorImpl.java:43)
	at java.lang.reflect.Method.invoke(Method.java:498)
	at io.cucumber.java.Invoker.doInvoke(Invoker.java:66)
	at io.cucumber.java.Invoker.invokeStatic(Invoker.java:80)
	at io.cucumber.java.AbstractGlueDefinition.invokeMethod(AbstractGlueDefinition.java:45)
	at io.cucumber.java.JavaHookDefinition.execute(JavaHookDefinition.java:64)
	at io.cucumber.core.runner.CoreHookDefinition.execute(CoreHookDefinition.java:46)
	at io.cucumber.core.runner.HookDefinitionMatch.runStep(HookDefinitionMatch.java:21)
	at io.cucumber.core.runner.ExecutionMode$1.execute(ExecutionMode.java:10)
	at io.cucumber.core.runner.TestStep.executeStep(TestStep.java:85)
	at io.cucumber.core.runner.TestStep.run(TestStep.java:57)
	at io.cucumber.core.runner.TestCase.run(TestCase.java:90)
	at io.cucumber.core.runner.Runner.runPickle(Runner.java:75)
	at io.cucumber]]></system-out>
    <system-err><![CDATA[Starting ChromeDriver 102.0.5005.61 (0e59bcc00cc4985ce39ad31c150065f159d95ad3-refs/branch-heads/5005@{#819}) on port 55714
Only local connections are allowed.
Please see https://chromedriver.chromium.org/security-considerations for suggestions on keeping ChromeDriver safe.
ChromeDriver was started successfully.
[1656156774.214][WARNING]: Timed out connecting to Chrome, retrying...
??? 25, 2022 1:33:06 ? org.openqa.selenium.remote.ProtocolHandshake createSession
INFO: Detected upstream dialect: W3C
??? 25, 2022 1:33:06 ? org.openqa.selenium.devtools.CdpVersionFinder findNearestMatch
INFO: Found exact CDP implementation for version 102
]]></system-err>
  </testcase>
  <testcase name="runScenario" classname="org.example.Runners.Runners" time="57.987"/>
  <testcase name="runScenario" classname="org.example.Runners.Runners" time="40.093"/>
  <testcase name="runScenario" classname="org.example.Runners.Runners" time="50.143">
    <failure message="The following asserts failed:&#10;	URL after search expected [true] but found [false]" type="java.lang.AssertionError">java.lang.AssertionError: 
The following asserts failed:
	URL after search expected [true] but found [false]
</failure>
    <system-err><![CDATA[Starting ChromeDriver 102.0.5005.61 (0e59bcc00cc4985ce39ad31c150065f159d95ad3-refs/branch-heads/5005@{#819}) on port 58327
Only local connections are allowed.
Please see https://chromedriver.chromium.org/security-considerations for suggestions on keeping ChromeDriver safe.
ChromeDriver was started successfully.
??? 25, 2022 1:36:15 ? org.openqa.selenium.remote.ProtocolHandshake createSession
INFO: Detected upstream dialect: W3C
??? 25, 2022 1:36:15 ? org.openqa.selenium.devtools.CdpVersionFinder findNearestMatch
INFO: Found exact CDP implementation for version 102
??? 25, 2022 1:36:50 ? org.openqa.selenium.os.OsProcess destroy
SEVERE: Unable to kill process java.lang.ProcessImpl@7ff35a3f
]]></system-err>
  </testcase>
  <testcase name="runScenario" classname="org.example.Runners.Runners" time="26.144"/>
  <testcase name="runScenario" classname="org.example.Runners.Runners" time="26.675"/>
  <testcase name="runScenario" classname="org.example.Runners.Runners" time="29.61">
    <failure message="URL of First Slide expected [https://demo.nopcommerce.com/nokia-lumia-1020] but found [https://demo.nopcommerce.com/]" type="java.lang.AssertionError">java.lang.AssertionError: URL of First Slide expected [https://demo.nopcommerce.com/nokia-lumia-1020] but found [https://demo.nopcommerce.com/]
</failure>
    <system-out><![CDATA[.testng.TestNGCucumberRunner.lambda$runScenario$1(TestNGCucumberRunner.java:132)
	at io.cucumber.core.runtime.CucumberExecutionContext.lambda$runTestCase$5(CucumberExecutionContext.java:129)
	at io.cucumber.core.runtime.RethrowingThrowableCollector.executeAndThrow(RethrowingThrowableCollector.java:23)
	at io.cucumber.core.runtime.CucumberExecutionContext.runTestCase(CucumberExecutionContext.java:129)
	at io.cucumber.testng.TestNGCucumberRunner.runScenario(TestNGCucumberRunner.java:129)
	at io.cucumber.testng.AbstractTestNGCucumberTests.runScenario(AbstractTestNGCucumberTests.java:35)
	at sun.reflect.NativeMethodAccessorImpl.invoke0(Native Method)
	at sun.reflect.NativeMethodAccessorImpl.invoke(NativeMethodAccessorImpl.java:62)
	at sun.reflect.DelegatingMethodAccessorImpl.invoke(DelegatingMethodAccessorImpl.java:43)
	at java.lang.reflect.Method.invoke(Method.java:498)
	at org.testng.internal.invokers.MethodInvocationHelper.invokeMethod(MethodInvocationHelper.java:135)
	at org.testng.internal.invokers.TestInvoker.invokeMethod(TestInvoker.java:673)
	at org.testng.internal.invokers.TestInvoker.invokeTestMethod(TestInvoker.java:220)
	at org.testng.internal.invokers.MethodRunner.runInSequence(MethodRunner.java:50)
	at org.testng.internal.invokers.TestInvoker$MethodInvocationAgent.invoke(TestInvoker.java:945)
	at org.testng.internal.invokers.TestInvoker.invokeTestMethods(TestInvoker.java:193)
	at org.testng.internal.invokers.TestMethodWorker.invokeTestMethods(TestMethodWorker.java:146)
	at org.testng.internal.invokers.TestMethodWorker.run(TestMethodWorker.java:128)
	at java.util.ArrayList.forEach(ArrayList.java:1259)
	at org.testng.TestRunner.privateRun(TestRunner.java:808)
	at org.testng.TestRunner.run(TestRunner.java:603)
	at org.testng.SuiteRunner.runTest(SuiteRunner.java:429)
	at org.testng.SuiteRunner.runSequentially(SuiteRunner.java:423)
	at org.testng.SuiteRunner.privateRun(SuiteRunner.java:383)
	at org.testng.SuiteRunner.run(SuiteRunner.java:326)
	at org.testng.SuiteRunnerWorker.runSuite(SuiteRunnerWorker.java:52)
	at org.testng.SuiteRunnerWorker.run(SuiteRunnerWorker.java:95)
	at org.testng.TestNG.runSuitesSequentially(TestNG.java:1249)
	at org.testng.TestNG.runSuitesLocally(TestNG.java:1169)
	at org.testng.TestNG.runSuites(TestNG.java:1092)
	at org.testng.TestNG.run(TestNG.java:1060)
	at org.apache.maven.surefire.testng.TestNGExecutor.run(TestNGExecutor.java:135)
	at org.apache.maven.surefire.testng.TestNGDirectoryTestSuite.executeSingleClass(TestNGDirectoryTestSuite.java:112)
	at org.apache.maven.surefire.testng.TestNGDirectoryTestSuite.execute(TestNGDirectoryTestSuite.java:99)
	at org.apache.maven.surefire.testng.TestNGProvider.invoke(TestNGProvider.java:146)
	at org.apache.maven.surefire.booter.ForkedBooter.invokeProviderInSameClassLoader(ForkedBooter.java:384)
	at org.apache.maven.surefire.booter.ForkedBooter.runSuitesInProcess(ForkedBooter.java:345)
	at org.apache.maven.surefire.booter.ForkedBooter.execute(ForkedBooter.java:126)
	at org.apache.maven.surefire.booter.ForkedBooter.main(ForkedBooter.java:418)
Caused by: org.openqa.selenium.TimeoutException: Process timed out after waiting for 20000 ms.
Build info: version: '4.2.1', revision: 'ac4d0fdd4a'
System info: host: 'DESKTOP-6V1EFGU', ip: '192.168.1.6', os.name: 'Windows 10', os.arch: 'amd64', os.version: '10.0', java.version: '1.8.0_333'
Driver info: driver.version: unknown
	at org.openqa.selenium.os.OsProcess.waitFor(OsProcess.java:174)
	at org.openqa.selenium.os.CommandLine.waitFor(CommandLine.java:114)
	at org.openqa.selenium.remote.service.DriverCommandExecutor.lambda$execute$2(DriverCommandExecutor.java:122)
	at java.util.concurrent.CompletableFuture$AsyncSupply.run(CompletableFuture.java:1604)
	at java.util.concurrent.ThreadPoolExecutor.runWorker(ThreadPoolExecutor.java:1149)
	at java.util.concurrent.ThreadPoolExecutor$Worker.run(ThreadPoolExecutor.java:624)
	at java.lang.Thread.run(Thread.java:750)
&amp#27;[0m

Scenario: guest user can choose € currency            &amp#27;[90m# src/main/resources/features/F3-ChangeCurrency.feature:4&amp#27;[0m
  &amp#27;[32mWhen &amp#27;[0m&amp#27;[32muser select “Euro” from currency dropdown list&amp#27;[0m &amp#27;[90m# org.example.StepDefinition.D3_ChangeCurrency.user_select_Euro()&amp#27;[0m
  &amp#27;[32mThen &amp#27;[0m&amp#27;[32mAll $ sign change to € sign&amp#27;[0m                    &amp#27;[90m# org.example.StepDefinition.D3_ChangeCurrency.€_sign()&amp#27;[0m

Scenario: user could search using product name              &amp#27;[90m# src/main/resources/features/F4-Search.feature:4&amp#27;[0m
  &amp#27;[32mGiven &amp#27;[0m&amp#27;[32muser click on search bar&amp#27;[0m                            &amp#27;[90m# org.example.StepDefinition.D4_Search.user_click_on_searchbar()&amp#27;[0m
  &amp#27;[32mWhen &amp#27;[0m&amp#27;[32muser search for product like "&amp#27;[0m&amp#27;[32m&amp#27;[1mNokia&amp#27;[0m&amp#27;[32m"&amp#27;[0m                 &amp#27;[90m# org.example.StepDefinition.D4_Search.user_search_for_product(java.lang.String)&amp#27;[0m
  &amp#27;[32mAnd &amp#27;[0m&amp#27;[32muser click on search Button&amp#27;[0m                           &amp#27;[90m# org.example.StepDefinition.D4_Search.user_click_on_searchButton()&amp#27;[0m
  &amp#27;[32mThen &amp#27;[0m&amp#27;[32muser could search successfully and go to search page&amp#27;[0m &amp#27;[90m# org.example.StepDefinition.D4_Search.search_successfully()&amp#27;[0m

Scenario: user search using SKU                &amp#27;[90m# src/main/resources/features/F4-Search.feature:11&amp#27;[0m
  &amp#27;[32mGiven &amp#27;[0m&amp#27;[32muser click on search bar&amp#27;[0m               &amp#27;[90m# org.example.StepDefinition.D4_Search.user_click_on_searchbar()&amp#27;[0m
  &amp#27;[32mWhen &amp#27;[0m&amp#27;[32muser search for product like "&amp#27;[0m&amp#27;[32m&amp#27;[1mSamsung&amp#27;[0m&amp#27;[32m"&amp#27;[0m  &amp#27;[90m# org.example.StepDefinition.D4_Search.user_search_for_product(java.lang.String)&amp#27;[0m
  &amp#27;[32mAnd &amp#27;[0m&amp#27;[32muser click on search Button&amp#27;[0m              &amp#27;[90m# org.example.StepDefinition.D4_Search.user_click_on_searchButton()&amp#27;[0m
  &amp#27;[31mThen &amp#27;[0m&amp#27;[31muser could search successfully with SKU&amp#27;[0m &amp#27;[90m# org.example.StepDefinition.D4_Search.search_with_sku_successfully()&amp#27;[0m
      &amp#27;[31mjava.lang.AssertionError: The following asserts failed:
	URL after search expected [true] but found [false]
	at org.testng.asserts.SoftAssert.assertAll(SoftAssert.java:46)
	at org.testng.asserts.SoftAssert.assertAll(SoftAssert.java:30)
	at org.example.StepDefinition.D4_Search.search_with_sku_successfully(D4_Search.java:53)
	at ✽.user could search successfully with SKU(file:///E:/fwd%20testing/second%20project/demo-ECommerceAuto/src/main/resources/features/F4-Search.feature:15)
&amp#27;[0m

Scenario: user search using invalid product name &amp#27;[90m# src/main/resources/features/F4-Search.feature:18&amp#27;[0m
  &amp#27;[32mGiven &amp#27;[0m&amp#27;[32muser click on search bar&amp#27;[0m                 &amp#27;[90m# org.example.StepDefinition.D4_Search.user_click_on_searchbar()&amp#27;[0m
  &amp#27;[32mWhen &amp#27;[0m&amp#27;[32muser search for product like "&amp#27;[0m&amp#27;[32m&amp#27;[1mXiaomi&amp#27;[0m&amp#27;[32m"&amp#27;[0m     &amp#27;[90m# org.example.StepDefinition.D4_Search.user_search_for_product(java.lang.String)&amp#27;[0m
  &amp#27;[32mAnd &amp#27;[0m&amp#27;[32muser click on search Button&amp#27;[0m                &amp#27;[90m# org.example.StepDefinition.D4_Search.user_click_on_searchButton()&amp#27;[0m
  &amp#27;[32mThen &amp#27;[0m&amp#27;[32muser could not search&amp#27;[0m                     &amp#27;[90m# org.example.StepDefinition.D4_Search.no_products_found()&amp#27;[0m

Scenario: user could hover categories             &amp#27;[90m# src/main/resources/features/F5-HoverCategories.feature:4&amp#27;[0m
  &amp#27;[32mWhen &amp#27;[0m&amp#27;[32muser hover category and select subcategory&amp#27;[0m &amp#27;[90m# org.example.StepDefinition.D5_HoverCategories.user_hover_category()&amp#27;[0m
  &amp#27;[32mAnd &amp#27;[0m&amp#27;[32muser click on subcategory&amp#27;[0m                   &amp#27;[90m# org.example.StepDefinition.D5_HoverCategories.user_clicks_subcategory()&amp#27;[0m
  &amp#27;[32mThen &amp#27;[0m&amp#27;[32muser go to relative product page&amp#27;[0m           &amp#27;[90m# org.example.StepDefinition.D5_HoverCategories.relative_subcategory()&amp#27;[0m

Scenario: First slider clickable on homepage          &amp#27;[90m# src/main/resources/features/F6-HomeSliders.feature:4&amp#27;[0m
  &amp#27;[32mWhen &amp#27;[0m&amp#27;[32muser clicks on first slider&amp#27;[0m                    &amp#27;[90m# org.example.StepDefinition.D6_HomeSliders.click_on_first_slider()&amp#27;[0m
  &amp#27;[31mThen &amp#27;[0m&amp#27;[31mrelative product for first slider is displayed&amp#27;[0m &amp#27;[90m# org.example.StepDefinition.D6_HomeSliders.first_slide_displayed()&amp#27;[0m
      &amp#27;[31mjava.lang.AssertionError: URL of First Slide expected [https://demo.nopcommerce.com/nokia-lumia-1020] ]]></system-out>
    <system-err><![CDATA[Starting ChromeDriver 102.0.5005.61 (0e59bcc00cc4985ce39ad31c150065f159d95ad3-refs/branch-heads/5005@{#819}) on port 61076
Only local connections are allowed.
Please see https://chromedriver.chromium.org/security-considerations for suggestions on keeping ChromeDriver safe.
ChromeDriver was started successfully.
??? 25, 2022 1:37:57 ? org.openqa.selenium.remote.ProtocolHandshake createSession
INFO: Detected upstream dialect: W3C
??? 25, 2022 1:37:57 ? org.openqa.selenium.devtools.CdpVersionFinder findNearestMatch
INFO: Found exact CDP implementation for version 102
??? 25, 2022 1:38:11 ? org.openqa.selenium.os.OsProcess destroy
SEVERE: Unable to kill process java.lang.ProcessImpl@6c0905f6
]]></system-err>
  </testcase>
  <testcase name="runScenario" classname="org.example.Runners.Runners" time="37.275">
    <failure message="URL of Second Slide expected [https://demo.nopcommerce.com/iphone-6] but found [https://demo.nopcommerce.com/]" type="java.lang.AssertionError">java.lang.AssertionError: URL of Second Slide expected [https://demo.nopcommerce.com/iphone-6] but found [https://demo.nopcommerce.com/]
</failure>
    <system-err><![CDATA[Starting ChromeDriver 102.0.5005.61 (0e59bcc00cc4985ce39ad31c150065f159d95ad3-refs/branch-heads/5005@{#819}) on port 64032
Only local connections are allowed.
Please see https://chromedriver.chromium.org/security-considerations for suggestions on keeping ChromeDriver safe.
ChromeDriver was started successfully.
??? 25, 2022 1:38:33 ? org.openqa.selenium.remote.ProtocolHandshake createSession
INFO: Detected upstream dialect: W3C
??? 25, 2022 1:38:33 ? org.openqa.selenium.devtools.CdpVersionFinder findNearestMatch
INFO: Found exact CDP implementation for version 102
]]></system-err>
  </testcase>
  <testcase name="runScenario" classname="org.example.Runners.Runners" time="45.685"/>
  <testcase name="runScenario" classname="org.example.Runners.Runners" time="38.662"/>
  <testcase name="runScenario" classname="org.example.Runners.Runners" time="38.181">
    <failure message="Index: 1, Size: 1" type="java.lang.IndexOutOfBoundsException">java.lang.IndexOutOfBoundsException: Index: 1, Size: 1
</failure>
    <system-err><![CDATA[Starting ChromeDriver 102.0.5005.61 (0e59bcc00cc4985ce39ad31c150065f159d95ad3-refs/branch-heads/5005@{#819}) on port 64317
Only local connections are allowed.
Please see https://chromedriver.chromium.org/security-considerations for suggestions on keeping ChromeDriver safe.
ChromeDriver was started successfully.
??? 25, 2022 1:40:29 ? org.openqa.selenium.remote.ProtocolHandshake createSession
INFO: Detected upstream dialect: W3C
??? 25, 2022 1:40:29 ? org.openqa.selenium.devtools.CdpVersionFinder findNearestMatch
INFO: Found exact CDP implementation for version 102
??? 25, 2022 1:40:52 ? org.openqa.selenium.os.OsProcess destroy
SEVERE: Unable to kill process java.lang.ProcessImpl@3b0c3951
]]></system-err>
  </testcase>
  <testcase name="runScenario" classname="org.example.Runners.Runners" time="83.404"/>
  <testcase name="runScenario" classname="org.example.Runners.Runners" time="46.704"/>
  <testcase name="runScenario" classname="org.example.Runners.Runners" time="44.334"/>
  <testcase name="runScenario" classname="org.example.Runners.Runners" time="151.765">
    <failure message="element click intercepted: Element &lt;a href=&quot;/wishlist&quot; class=&quot;ico-wishlist&quot;&gt;...&lt;/a&gt; is not clickable at point (799, 22). Other element would receive the click: &lt;p class=&quot;content&quot;&gt;...&lt;/p&gt;&#10;  (Session info: chrome=102.0.5005.115)&#10;Build info: version: &apos;4.2.1&apos;, revision: &apos;ac4d0fdd4a&apos;&#10;System info: host: &apos;DESKTOP-6V1EFGU&apos;, ip: &apos;192.168.1.6&apos;, os.name: &apos;Windows 10&apos;, os.arch: &apos;amd64&apos;, os.version: &apos;10.0&apos;, java.version: &apos;1.8.0_333&apos;&#10;Driver info: org.openqa.selenium.chrome.ChromeDriver&#10;Command: [3da40d0e33cb451fcf88db8383942f93, clickElement {id=2228dd56-6d0b-4566-a478-a67009d2168f}]&#10;Capabilities {acceptInsecureCerts: false, browserName: chrome, browserVersion: 102.0.5005.115, chrome: {chromedriverVersion: 102.0.5005.61 (0e59bcc00cc4..., userDataDir: C:\Users\Lenovo\AppData\Loc...}, goog:chromeOptions: {debuggerAddress: localhost:57134}, networkConnectionEnabled: false, pageLoadStrategy: normal, platformName: WINDOWS, proxy: Proxy(), se:cdp: ws://localhost:57134/devtoo..., se:cdpVersion: 102.0.5005.115, setWindowRect: true, strictFileInteractability: false, timeouts: {implicit: 0, pageLoad: 300000, script: 30000}, unhandledPromptBehavior: dismiss and notify, webauthn:extension:credBlob: true, webauthn:extension:largeBlob: true, webauthn:virtualAuthenticators: true}&#10;Element: [[ChromeDriver: chrome on WINDOWS (3da40d0e33cb451fcf88db8383942f93)] -&gt; css selector: div[class=&quot;header-links&quot;] [href=&quot;/wishlist&quot;]]&#10;Session ID: 3da40d0e33cb451fcf88db8383942f93" type="org.openqa.selenium.ElementClickInterceptedException"><![CDATA[org.openqa.selenium.ElementClickInterceptedException: 
element click intercepted: Element <a href="/wishlist" class="ico-wishlist">...</a> is not clickable at point (799, 22). Other element would receive the click: <p class="content">...</p>
  (Session info: chrome=102.0.5005.115)
Build info: version: '4.2.1', revision: 'ac4d0fdd4a'
System info: host: 'DESKTOP-6V1EFGU', ip: '192.168.1.6', os.name: 'Windows 10', os.arch: 'amd64', os.version: '10.0', java.version: '1.8.0_333'
Driver info: org.openqa.selenium.chrome.ChromeDriver
Command: [3da40d0e33cb451fcf88db8383942f93, clickElement {id=2228dd56-6d0b-4566-a478-a67009d2168f}]
Capabilities {acceptInsecureCerts: false, browserName: chrome, browserVersion: 102.0.5005.115, chrome: {chromedriverVersion: 102.0.5005.61 (0e59bcc00cc4..., userDataDir: C:\Users\Lenovo\AppData\Loc...}, goog:chromeOptions: {debuggerAddress: localhost:57134}, networkConnectionEnabled: false, pageLoadStrategy: normal, platformName: WINDOWS, proxy: Proxy(), se:cdp: ws://localhost:57134/devtoo..., se:cdpVersion: 102.0.5005.115, setWindowRect: true, strictFileInteractability: false, timeouts: {implicit: 0, pageLoad: 300000, script: 30000}, unhandledPromptBehavior: dismiss and notify, webauthn:extension:credBlob: true, webauthn:extension:largeBlob: true, webauthn:virtualAuthenticators: true}
Element: [[ChromeDriver: chrome on WINDOWS (3da40d0e33cb451fcf88db8383942f93)] -> css selector: div[class="header-links"] [href="/wishlist"]]
Session ID: 3da40d0e33cb451fcf88db8383942f93
]]></failure>
    <system-err><![CDATA[Starting ChromeDriver 102.0.5005.61 (0e59bcc00cc4985ce39ad31c150065f159d95ad3-refs/branch-heads/5005@{#819}) on port 50103
Only local connections are allowed.
Please see https://chromedriver.chromium.org/security-considerations for suggestions on keeping ChromeDriver safe.
ChromeDriver was started successfully.
[1656157484.574][WARNING]: Timed out connecting to Chrome, retrying...
??? 25, 2022 1:45:02 ? org.openqa.selenium.remote.ProtocolHandshake createSession
INFO: Detected upstream dialect: W3C
??? 25, 2022 1:45:03 ? org.openqa.selenium.devtools.CdpVersionFinder findNearestMatch
INFO: Found exact CDP implementation for version 102
??? 25, 2022 1:46:18 ? org.openqa.selenium.os.OsProcess destroy
INFO: Unable to drain process streams. Ignoring but the exception being swallowed follows.
org.apache.commons.exec.ExecuteException: The stop timeout of 2000 ms was exceeded (Exit value: -559038737)
	at org.apache.commons.exec.PumpStreamHandler.stopThread(PumpStreamHandler.java:295)
	at org.apache.commons.exec.PumpStreamHandler.stop(PumpStreamHandler.java:181)
	at org.openqa.selenium.os.OsProcess.destroy(OsProcess.java:135)
	at org.openqa.selenium.os.CommandLine.destroy(CommandLine.java:139)
	at org.openqa.selenium.remote.service.DriverService.stop(DriverService.java:281)
	at org.openqa.selenium.remote.service.DriverCommandExecutor.execute(DriverCommandExecutor.java:129)
	at org.openqa.selenium.remote.RemoteWebDriver.execute(RemoteWebDriver.java:551)
	at org.openqa.selenium.remote.RemoteWebDriver.execute(RemoteWebDriver.java:606)
	at org.openqa.selenium.remote.RemoteWebDriver.execute(RemoteWebDriver.java:610)
	at org.openqa.selenium.remote.RemoteWebDriver.quit(RemoteWebDriver.java:447)
	at org.openqa.selenium.chromium.ChromiumDriver.quit(ChromiumDriver.java:291)
	at org.example.StepDefinition.Hooks.closeBrowser(Hooks.java:32)
	at sun.reflect.GeneratedMethodAccessor82.invoke(Unknown Source)
	at sun.reflect.DelegatingMethodAccessorImpl.invoke(DelegatingMethodAccessorImpl.java:43)
	at java.lang.reflect.Method.invoke(Method.java:498)
	at io.cucumber.java.Invoker.doInvoke(Invoker.java:66)
	at io.cucumber.java.Invoker.invokeStatic(Invoker.java:80)
	at io.cucumber.java.AbstractGlueDefinition.invokeMethod(AbstractGlueDefinition.java:45)
	at io.cucumber.java.JavaHookDefinition.execute(JavaHookDefinition.java:64)
	at io.cucumber.core.runner.CoreHookDefinition.execute(CoreHookDefinition.java:46)
	at io.cucumber.core.runner.HookDefinitionMatch.runStep(HookDefinitionMatch.java:21)
	at io.cucumber.core.runner.ExecutionMode$1.execute(ExecutionMode.java:10)
	at io.cucumber.core.runner.TestStep.executeStep(TestStep.java:85)
	at io.cucumber.core.runner.TestStep.run(TestStep.java:57)
	at io.cucumber.core.runner.TestCase.run(TestCase.java:90)
	at io.cucumber.core.runner.Runner.runPickle(Runner.java:75)
	at io.cucumber.testng.TestNGCucumberRunner.lambda$runScenario$1(TestNGCucumberRunner.java:132)
	at io.cucumber.core.runtime.CucumberExecutionContext.lambda$runTestCase$5(CucumberExecutionContext.java:129)
	at io.cucumber.core.runtime.RethrowingThrowableCollector.executeAndThrow(RethrowingThrowableCollector.java:23)
	at io.cucumber.core.runtime.CucumberExecutionContext.runTestCase(CucumberExecutionContext.java:129)
	at io.cucumber.testng.TestNGCucumberRunner.runScenario(TestNGCucumberRunner.java:129)
	at io.cucumber.testng.AbstractTestNGCucumberTests.runScenario(AbstractTestNGCucumberTests.java:35)
	at sun.reflect.GeneratedMethodAccessor73.invoke(Unknown Source)
	at sun.reflect.DelegatingMethodAccessorImpl.invoke(DelegatingMethodAccessorImpl.java:43)
	at java.lang.reflect.Method.invoke(Method.java:498)
	at org.testng.internal.invokers.MethodInvocationHelper.invokeMethod(MethodInvocationHelper.java:135)
	at org.testng.internal.invokers.TestInvoker.invokeMethod(TestInvoker.java:673)
	at org.testng.internal.invokers.TestInvoker.invokeTestMethod(TestInvoker.java:220)
	at org.testng.internal.invokers.MethodRunner.runInSequence(MethodRunner.java:50)
	at org.testng.internal.invokers.TestInvoker$MethodInvocationAgent.invoke(TestInvoker.java:945)
	at org.testng.internal.invokers.TestInvoker.invokeTestMethods(TestInvoker.java:193)
	at org.testng.internal.invokers.TestMethodWorker.invokeTestMethods(TestMethodWorker.java:146)
	at org.testng.internal.invokers.TestMethodWorker.run(TestMethodWorker.java:128)
	at java.util.ArrayList.forEach(ArrayList.java:1259)
	at org.testng.TestRunner.privateRun(TestRunner.java:808)
	at org.testng.TestRunner.run(TestRunner.java:603)
	at org.testng.SuiteRunner.runTest(SuiteRunner.java:429)
	at org.testng.SuiteRunner.runSequentially(SuiteRunner.java:423)
	at org.testng.SuiteRunner.privateRun(SuiteRunner.java:383)
	at org.testng.SuiteRunner.run(SuiteRunner.java:326)
	at org.testng.SuiteRunnerWorker.runSuite(SuiteRunnerWorker.java:52)
	at org.testng.SuiteRunnerWorker.run(SuiteRunnerWorker.java:95)
	at org.testng.TestNG.runSuitesSequentially(TestNG.java:1249)
	at org.testng.TestNG.runSuitesLocally(TestNG.java:1169)
	at org.testng.TestNG.runSuites(TestNG.java:1092)
	at org.testng.TestNG.run(TestNG.java:1060)
	at org.apache.maven.surefire.testng.TestNGExecutor.run(TestNGExecutor.java:135)
	at org.apache.maven.surefire.testng.TestNGDirectoryTestSuite.executeSingleClass(TestNGDirectoryTestSuite.java:112)
	at org.apache.maven.surefire.testng.TestNGDirectoryTestSuite.execute(TestNGDirectoryTestSuite.java:99)
	at org.apache.maven.surefire.testng.TestNGProvider.invoke(TestNGProvider.java:146)
	at org.apache.maven.surefire.booter.ForkedBooter.invokeProviderInSameClassLoader(ForkedBooter.java:384)
	at org.apache.maven.surefire.booter.ForkedBooter.runSuitesInProcess(ForkedBooter.java:345)
	at org.apache.maven.surefire.booter.ForkedBooter.execute(ForkedBooter.java:126)
	at org.apache.maven.surefire.booter.ForkedBooter.main(ForkedBooter.java:418)

??? 25, 2022 1:46:18 ? org.openqa.selenium.os.OsProcess destroy
SEVERE: Unable to kill process java.lang.ProcessImpl@7ab63838
]]></system-err>
  </testcase>
</testsuite>